This is XeTeX, Version 3.14159265-2.6-0.999992 (MiKTeX 20.10) (preloaded format=xelatex 2020.10.28)  21 MAR 2021 17:20
entering extended mode
**./eq_db.tex
(eq_db.tex
LaTeX2e <2020-10-01> patch level 2
L3 programming layer <2020-10-05> xparse <2020-03-03>
("C:\Users\earld\AppData\Local\Programs\MiKTeX 2.9\tex/latex/standalone\standal
one.cls"
Document Class: standalone 2018/03/26 v1.3a Class to compile TeX sub-files stan
dalone
("C:\Users\earld\AppData\Local\Programs\MiKTeX 2.9\tex/latex/tools\shellesc.sty
"
Package: shellesc 2019/11/08 v1.0c unified shell escape interface for LaTeX
Package shellesc Info: Restricted shell escape enabled on input line 77.
)
("C:\Users\earld\AppData\Local\Programs\MiKTeX 2.9\tex/generic/iftex\ifluatex.s
ty"
Package: ifluatex 2019/10/25 v1.5 ifluatex legacy package. Use iftex instead.
("C:\Users\earld\AppData\Local\Programs\MiKTeX 2.9\tex/generic/iftex\iftex.sty"
Package: iftex 2020/03/06 v1.0d TeX engine tests
))
("C:\Users\earld\AppData\Local\Programs\MiKTeX 2.9\tex/latex/xkeyval\xkeyval.st
y"
Package: xkeyval 2014/12/03 v2.7a package option processing (HA)

("C:\Users\earld\AppData\Local\Programs\MiKTeX 2.9\tex/generic/xkeyval\xkeyval.
tex"
("C:\Users\earld\AppData\Local\Programs\MiKTeX 2.9\tex/generic/xkeyval\xkvutils
.tex"
\XKV@toks=\toks15
\XKV@tempa@toks=\toks16

("C:\Users\earld\AppData\Local\Programs\MiKTeX 2.9\tex/generic/xkeyval\keyval.t
ex"))
\XKV@depth=\count171
File: xkeyval.tex 2014/12/03 v2.7a key=value parser (HA)
))
\sa@internal=\count172
\c@sapage=\count173

("C:\Users\earld\AppData\Local\Programs\MiKTeX 2.9\tex/latex/standalone\standal
one.cfg"
File: standalone.cfg 2018/03/26 v1.3a Default configuration file for 'standalon
e' class
) ("C:\Users\earld\AppData\Local\Programs\MiKTeX 2.9\tex/latex/base\article.cls
"
Document Class: article 2020/04/10 v1.4m Standard LaTeX document class
("C:\Users\earld\AppData\Local\Programs\MiKTeX 2.9\tex/latex/base\size10.clo"
File: size10.clo 2020/04/10 v1.4m Standard LaTeX file (size option)
)
\c@part=\count174
\c@section=\count175
\c@subsection=\count176
\c@subsubsection=\count177
\c@paragraph=\count178
\c@subparagraph=\count179
\c@figure=\count180
\c@table=\count181
\abovecaptionskip=\skip47
\belowcaptionskip=\skip48
\bibindent=\dimen138
)
\sa@box=\box47
runsystem(xelatex  -shell-escape  -jobname "eq_db" "\expandafter\def\csname sa@
internal@run\endcsname{1}\input{eq_db}")...disabled (restricted).

\sa@read=\read2
runsystem(imgconvert -density 300 -units PixelsPerInch eq_db.pdf  -quality 90 e
q_db.png)...disabled (restricted).

)
("C:\Users\earld\AppData\Local\Programs\MiKTeX 2.9\tex/latex/amsmath\amsmath.st
y"
Package: amsmath 2020/09/23 v2.17i AMS math features
\@mathmargin=\skip49
For additional information on amsmath, use the `?' option.

("C:\Users\earld\AppData\Local\Programs\MiKTeX 2.9\tex/latex/amsmath\amstext.st
y"
Package: amstext 2000/06/29 v2.01 AMS text
("C:\Users\earld\AppData\Local\Programs\MiKTeX 2.9\tex/latex/amsmath\amsgen.sty
"
File: amsgen.sty 1999/11/30 v2.0 generic functions
\@emptytoks=\toks17
\ex@=\dimen139
)) ("C:\Users\earld\AppData\Local\Programs\MiKTeX 2.9\tex/latex/amsmath\amsbsy.
sty"
Package: amsbsy 1999/11/29 v1.2d Bold Symbols
\pmbraise@=\dimen140
) ("C:\Users\earld\AppData\Local\Programs\MiKTeX 2.9\tex/latex/amsmath\amsopn.s
ty"
Package: amsopn 2016/03/08 v2.02 operator names
)
\inf@bad=\count182
LaTeX Info: Redefining \frac on input line 234.
\uproot@=\count183
\leftroot@=\count184
LaTeX Info: Redefining \overline on input line 399.
\classnum@=\count185
\DOTSCASE@=\count186
LaTeX Info: Redefining \ldots on input line 496.
LaTeX Info: Redefining \dots on input line 499.
LaTeX Info: Redefining \cdots on input line 620.
\Mathstrutbox@=\box48
\strutbox@=\box49
\big@size=\dimen141
LaTeX Font Info:    Redeclaring font encoding OML on input line 743.
LaTeX Font Info:    Redeclaring font encoding OMS on input line 744.
\macc@depth=\count187
\c@MaxMatrixCols=\count188
\dotsspace@=\muskip16
\c@parentequation=\count189
\dspbrk@lvl=\count190
\tag@help=\toks18
\row@=\count191
\column@=\count192
\maxfields@=\count193
\andhelp@=\toks19
\eqnshift@=\dimen142
\alignsep@=\dimen143
\tagshift@=\dimen144
\tagwidth@=\dimen145
\totwidth@=\dimen146
\lineht@=\dimen147
\@envbody=\toks20
\multlinegap=\skip50
\multlinetaggap=\skip51
\mathdisplay@stack=\toks21
LaTeX Info: Redefining \[ on input line 2923.
LaTeX Info: Redefining \] on input line 2924.
)
("C:\Users\earld\AppData\Local\Programs\MiKTeX 2.9\tex/latex/siunitx\siunitx.st
y" ("C:\Users\earld\AppData\Local\Programs\MiKTeX 2.9\tex/latex/l3kernel\expl3.
sty"
Package: expl3 2020-10-05 L3 programming layer (loader) 

("C:\Users\earld\AppData\Local\Programs\MiKTeX 2.9\tex/latex/l3backend\l3backen
d-xetex.def"
File: l3backend-xetex.def 2020-09-24 L3 backend support: XeTeX
\g__graphics_track_int=\count194
\l__pdf_internal_box=\box50
\g__pdf_backend_object_int=\count195
\g__pdf_backend_annotation_int=\count196
))
("C:\Users\earld\AppData\Local\Programs\MiKTeX 2.9\tex/latex/l3packages/xparse\
xparse.sty"
Package: xparse 2020-10-05 L3 Experimental document command parser

("C:\Users\earld\AppData\Local\Programs\MiKTeX 2.9\tex/latex/l3packages/xparse\
xparse-generic.tex"))
Package: siunitx 2020/02/25 v2.8b A comprehensive (SI) units package
("C:\Users\earld\AppData\Local\Programs\MiKTeX 2.9\tex/latex/tools\array.sty"
Package: array 2019/08/31 v2.4l Tabular extension package (FMi)
\col@sep=\dimen148
\ar@mcellbox=\box51
\extrarowheight=\dimen149
\NC@list=\toks22
\extratabsurround=\skip52
\backup@length=\skip53
\ar@cellbox=\box52
)
("C:\Users\earld\AppData\Local\Programs\MiKTeX 2.9\tex/latex/l3packages/l3keys2
e\l3keys2e.sty"
Package: l3keys2e 2020-10-05 LaTeX2e option processing using LaTeX3 keys
)
\l__siunitx_tmp_box=\box53
\l__siunitx_tmp_dim=\dimen150
\l__siunitx_tmp_int=\count197
\l__siunitx_number_mantissa_length_int=\count198
\l__siunitx_number_uncert_length_int=\count199
\l__siunitx_round_int=\count266
\l__siunitx_process_decimal_int=\count267
\l__siunitx_process_uncertainty_int=\count268
\l__siunitx_process_fixed_int=\count269
\l__siunitx_process_integer_min_int=\count270
\l__siunitx_process_precision_int=\count271
\l__siunitx_group_min_int=\count272
\l__siunitx_angle_marker_box=\box54
\l__siunitx_angle_unit_box=\box55
\l__siunitx_angle_marker_dim=\dimen151
\l__siunitx_angle_unit_dim=\dimen152
\l__siunitx_unit_int=\count273
\l__siunitx_unit_denominator_int=\count274
\l__siunitx_unit_numerator_int=\count275
\l__siunitx_unit_prefix_int=\count276
\l__siunitx_unit_prefix_base_int=\count277
\l__siunitx_unit_prefix_gram_int=\count278
\l__siunitx_number_product_int=\count279
\c__siunitx_one_fill_skip=\skip54
\l__siunitx_table_unit_align_skip=\skip55
\l__siunitx_table_exponent_dim=\dimen153
\l__siunitx_table_integer_dim=\dimen154
\l__siunitx_table_mantissa_dim=\dimen155
\l__siunitx_table_marker_dim=\dimen156
\l__siunitx_table_result_dim=\dimen157
\l__siunitx_table_uncert_dim=\dimen158
\l__siunitx_table_fill_pre_dim=\dimen159
\l__siunitx_table_fill_post_dim=\dimen160
\l__siunitx_table_fill_mid_dim=\dimen161
\l__siunitx_table_pre_box=\box56
\l__siunitx_table_post_box=\box57
\l__siunitx_table_mantissa_box=\box58
\l__siunitx_table_result_box=\box59
\l__siunitx_table_number_align_skip=\skip56
\l__siunitx_table_text_align_skip=\skip57

("C:\Users\earld\AppData\Local\Programs\MiKTeX 2.9\tex/latex/translator\transla
tor.sty"
Package: translator 2020-08-03 v1.12c Easy translation of strings in LaTeX
))
("C:\Users\earld\AppData\Local\Programs\MiKTeX 2.9\tex/latex/diffcoeff\diffcoef
f.sty"
("C:\Users\earld\AppData\Local\Programs\MiKTeX 2.9\tex/latex/l3packages/xtempla
te\xtemplate.sty"
Package: xtemplate 2020-10-05 L3 Experimental prototype document functions
\l__xtemplate_tmp_dim=\dimen162
\l__xtemplate_tmp_int=\count280
\l__xtemplate_tmp_muskip=\muskip17
\l__xtemplate_tmp_skip=\skip58
)
Package: diffcoeff 2019/12/28 v3.2 Write differential coefficients consistently
 and easily.
\l__diffcoeff_vars_int=\count281
\l__diffcoeff_format_int=\count282
\l__diffcoeff_curr_tok_int=\count283
\l__diffcoeff_curr_state_int=\count284
\l__diffcoeff_nos_int=\count285
\l__diffcoeff_parenvar_int=\count286

Package xtemplate Info: Declaring object type 'derivative' taking 5
(xtemplate)             argument(s) on line 57.

\l__diffcoeff_oporder_muskip=\muskip18
\l__diffcoeff_opnudge_muskip=\muskip19
\l__diffcoeff_varsep_muskip=\muskip20
\l__diffcoeff_sep_adj_muskip=\muskip21
\l__diffcoeff_elbowrm_muskip=\muskip22
\l__diffcoeff_subnudge_muskip=\muskip23
\l_tmpc_muskip=\muskip24
\l_tmpd_muskip=\muskip25
)
("C:\Users\earld\AppData\Local\Programs\MiKTeX 2.9\tex/latex/graphics\graphicx.
sty"
Package: graphicx 2020/09/09 v1.2b Enhanced LaTeX Graphics (DPC,SPQR)

("C:\Users\earld\AppData\Local\Programs\MiKTeX 2.9\tex/latex/graphics\graphics.
sty"
Package: graphics 2020/08/30 v1.4c Standard LaTeX Graphics (DPC,SPQR)
("C:\Users\earld\AppData\Local\Programs\MiKTeX 2.9\tex/latex/graphics\trig.sty"
Package: trig 2016/01/03 v1.10 sin cos tan (DPC)
)
("C:\Users\earld\AppData\Local\Programs\MiKTeX 2.9\tex/latex/graphics-cfg\graph
ics.cfg"
File: graphics.cfg 2016/06/04 v1.11 sample graphics configuration
)
Package graphics Info: Driver file: xetex.def on input line 105.

("C:\Users\earld\AppData\Local\Programs\MiKTeX 2.9\tex/latex/graphics-def\xetex
.def"
File: xetex.def 2020/08/26 v5.0i Graphics/color driver for xetex
))
\Gin@req@height=\dimen163
\Gin@req@width=\dimen164
)
("C:\Users\earld\AppData\Local\Programs\MiKTeX 2.9\tex/latex/mathtools\mathtool
s.sty"
Package: mathtools 2020/03/24 v1.24 mathematical typesetting tools
("C:\Users\earld\AppData\Local\Programs\MiKTeX 2.9\tex/latex/tools\calc.sty"
Package: calc 2017/05/25 v4.3 Infix arithmetic (KKT,FJ)
\calc@Acount=\count287
\calc@Bcount=\count288
\calc@Adimen=\dimen165
\calc@Bdimen=\dimen166
\calc@Askip=\skip59
\calc@Bskip=\skip60
LaTeX Info: Redefining \setlength on input line 80.
LaTeX Info: Redefining \addtolength on input line 81.
\calc@Ccount=\count289
\calc@Cskip=\skip61
)
("C:\Users\earld\AppData\Local\Programs\MiKTeX 2.9\tex/latex/mathtools\mhsetup.
sty"
Package: mhsetup 2017/03/31 v1.3 programming setup (MH)
)
LaTeX Info: Thecontrolsequence`\('isalreadyrobust on input line 130.
LaTeX Info: Thecontrolsequence`\)'isalreadyrobust on input line 130.
LaTeX Info: Thecontrolsequence`\['isalreadyrobust on input line 130.
LaTeX Info: Thecontrolsequence`\]'isalreadyrobust on input line 130.
\g_MT_multlinerow_int=\count290
\l_MT_multwidth_dim=\dimen167
\origjot=\skip62
\l_MT_shortvdotswithinadjustabove_dim=\dimen168
\l_MT_shortvdotswithinadjustbelow_dim=\dimen169
\l_MT_above_intertext_sep=\dimen170
\l_MT_below_intertext_sep=\dimen171
\l_MT_above_shortintertext_sep=\dimen172
\l_MT_below_shortintertext_sep=\dimen173
\xmathstrut@box=\box60
\xmathstrut@dim=\dimen174
)
("C:\Users\earld\AppData\Local\Programs\MiKTeX 2.9\tex/latex/fontspec\fontspec.
sty"
Package: fontspec 2020/02/21 v2.7i Font selection for XeLaTeX and LuaLaTeX

("C:\Users\earld\AppData\Local\Programs\MiKTeX 2.9\tex/latex/fontspec\fontspec-
xetex.sty"
Package: fontspec-xetex 2020/02/21 v2.7i Font selection for XeLaTeX and LuaLaTe
X
\l__fontspec_script_int=\count291
\l__fontspec_language_int=\count292
\l__fontspec_strnum_int=\count293
\l__fontspec_tmp_int=\count294
\l__fontspec_tmpa_int=\count295
\l__fontspec_tmpb_int=\count296
\l__fontspec_tmpc_int=\count297
\l__fontspec_em_int=\count298
\l__fontspec_emdef_int=\count299
\l__fontspec_strong_int=\count300
\l__fontspec_strongdef_int=\count301
\l__fontspec_tmpa_dim=\dimen175
\l__fontspec_tmpb_dim=\dimen176
\l__fontspec_tmpc_dim=\dimen177
("C:\Users\earld\AppData\Local\Programs\MiKTeX 2.9\tex/latex/base\fontenc.sty"
Package: fontenc 2020/08/10 v2.0s Standard LaTeX package
)
("C:\Users\earld\AppData\Local\Programs\MiKTeX 2.9\tex/latex/fontspec\fontspec.
cfg")))
("C:\Users\earld\AppData\Local\Programs\MiKTeX 2.9\tex/latex/unicode-math\unico
de-math.sty"
Package: unicode-math 2020/01/31 v0.8q Unicode maths in XeLaTeX and LuaLaTeX

("C:\Users\earld\AppData\Local\Programs\MiKTeX 2.9\tex/latex/unicode-math\unico
de-math-xetex.sty"
Package: unicode-math-xetex 2020/01/31 v0.8q Unicode maths in XeLaTeX and LuaLa
TeX
("C:\Users\earld\AppData\Local\Programs\MiKTeX 2.9\tex/latex/base\fix-cm.sty"
Package: fix-cm 2015/01/14 v1.1t fixes to LaTeX
("C:\Users\earld\AppData\Local\Programs\MiKTeX 2.9\tex/latex/base\ts1enc.def"
File: ts1enc.def 2001/06/05 v3.0e (jk/car/fm) Standard LaTeX file
LaTeX Font Info:    Redeclaring font encoding TS1 on input line 47.
))
\g__um_fam_int=\count302
\g__um_fonts_used_int=\count303
\l__um_primecount_int=\count304
\g__um_primekern_muskip=\muskip26

("C:\Users\earld\AppData\Local\Programs\MiKTeX 2.9\tex/latex/unicode-math\unico
de-math-table.tex")))

Package fontspec Info: Could not resolve font "Cambria Math/B" (it probably
(fontspec)             doesn't exist).


Package fontspec Info: Font family 'CambriaMath(0)' created for font 'Cambria
(fontspec)             Math' with options
(fontspec)             [BoldItalicFont={},ItalicFont={},SmallCapsFont={},Script
=Math].
(fontspec)              
(fontspec)              This font family consists of the following NFSS
(fontspec)             series/shapes:
(fontspec)              
(fontspec)             - 'normal' (m/n) with NFSS spec.: <->"Cambria
(fontspec)             Math/OT:script=math;language=dflt;"
(fontspec)             - 'small caps'  (m/sc) with NFSS spec.: 


Package fontspec Info: Could not resolve font "Cambria Math/B" (it probably
(fontspec)             doesn't exist).


Package fontspec Info: Font family 'CambriaMath(1)' created for font 'Cambria
(fontspec)             Math' with options
(fontspec)             [BoldItalicFont={},ItalicFont={},SmallCapsFont={},Script
=Math,SizeFeatures={{Size=8.65-},{Size=6.65-8.65,Font=Cambria
(fontspec)             Math,Style=MathScript},{Size=-6.65,Font=Cambria
(fontspec)             Math,Style=MathScriptScript}}].
(fontspec)              
(fontspec)              This font family consists of the following NFSS
(fontspec)             series/shapes:
(fontspec)              
(fontspec)             - 'normal' (m/n) with NFSS spec.: <8.65->"Cambria
(fontspec)             Math/OT:script=math;language=dflt;"<6.65-8.65>"Cambria
(fontspec)             Math/OT:script=math;language=dflt;+ssty=0;"<-6.65>"Cambr
ia
(fontspec)             Math/OT:script=math;language=dflt;+ssty=1;"
(fontspec)             - 'small caps'  (m/sc) with NFSS spec.: 

LaTeX Font Info:    Encoding `OT1' has changed to `TU' for symbol font
(Font)              `operators' in the math version `normal' on input line 22.
LaTeX Font Info:    Overwriting symbol font `operators' in version `normal'
(Font)                  OT1/cmr/m/n --> TU/CambriaMath(1)/m/n on input line 22.

LaTeX Font Info:    Encoding `OT1' has changed to `TU' for symbol font
(Font)              `operators' in the math version `bold' on input line 22.
LaTeX Font Info:    Overwriting symbol font `operators' in version `bold'
(Font)                  OT1/cmr/bx/n --> TU/CambriaMath(1)/b/n on input line 22
.

Package fontspec Info: Cambria Math scale = 1.0001.


Package fontspec Info: Could not resolve font "Cambria Math/B" (it probably
(fontspec)             doesn't exist).


Package fontspec Info: Cambria Math scale = 1.0001.


Package fontspec Info: Cambria Math scale = 1.0001.


Package fontspec Info: Cambria Math scale = 1.0001.


Package fontspec Info: Font family 'CambriaMath(2)' created for font 'Cambria
(fontspec)             Math' with options
(fontspec)             [BoldItalicFont={},ItalicFont={},SmallCapsFont={},Script
=Math,SizeFeatures={{Size=8.65-},{Size=6.65-8.65,Font=Cambria
(fontspec)             Math,Style=MathScript},{Size=-6.65,Font=Cambria
(fontspec)             Math,Style=MathScriptScript}},ScaleAgain=1.0001,FontAdju
stment={\fontdimen
(fontspec)             8\font =7.56836pt\relax \fontdimen 9\font
(fontspec)             =5.85938pt\relax \fontdimen 10\font =4.58984pt\relax
(fontspec)             \fontdimen 11\font =6.68945pt\relax \fontdimen 12\font
(fontspec)             =5.0293pt\relax \fontdimen 13\font =3.66211pt\relax
(fontspec)             \fontdimen 14\font =3.66211pt\relax \fontdimen 15\font
(fontspec)             =3.00293pt\relax \fontdimen 16\font =2.04102pt\relax
(fontspec)             \fontdimen 17\font =2.04102pt\relax \fontdimen 18\font
(fontspec)             =2.2461pt\relax \fontdimen 19\font =1.5625pt\relax
(fontspec)             \fontdimen 22\font =2.85645pt\relax \fontdimen 20\font
(fontspec)             =0pt\relax \fontdimen 21\font =0pt\relax }].
(fontspec)              
(fontspec)              This font family consists of the following NFSS
(fontspec)             series/shapes:
(fontspec)              
(fontspec)             - 'normal' (m/n) with NFSS spec.:
(fontspec)             <8.65->s*[1.0001]"Cambria
(fontspec)             Math/OT:script=math;language=dflt;"<6.65-8.65>s*[1.0001]
"Cambria
(fontspec)             Math/OT:script=math;language=dflt;+ssty=0;"<-6.65>s*[1.0
001]"Cambria
(fontspec)             Math/OT:script=math;language=dflt;+ssty=1;"
(fontspec)             - 'small caps'  (m/sc) with NFSS spec.: 
(fontspec)             and font adjustment code:
(fontspec)             \fontdimen 8\font =7.56836pt\relax \fontdimen 9\font
(fontspec)             =5.85938pt\relax \fontdimen 10\font =4.58984pt\relax
(fontspec)             \fontdimen 11\font =6.68945pt\relax \fontdimen 12\font
(fontspec)             =5.0293pt\relax \fontdimen 13\font =3.66211pt\relax
(fontspec)             \fontdimen 14\font =3.66211pt\relax \fontdimen 15\font
(fontspec)             =3.00293pt\relax \fontdimen 16\font =2.04102pt\relax
(fontspec)             \fontdimen 17\font =2.04102pt\relax \fontdimen 18\font
(fontspec)             =2.2461pt\relax \fontdimen 19\font =1.5625pt\relax
(fontspec)             \fontdimen 22\font =2.85645pt\relax \fontdimen 20\font
(fontspec)             =0pt\relax \fontdimen 21\font =0pt\relax 

LaTeX Font Info:    Encoding `OMS' has changed to `TU' for symbol font
(Font)              `symbols' in the math version `normal' on input line 22.
LaTeX Font Info:    Overwriting symbol font `symbols' in version `normal'
(Font)                  OMS/cmsy/m/n --> TU/CambriaMath(2)/m/n on input line 22
.
LaTeX Font Info:    Encoding `OMS' has changed to `TU' for symbol font
(Font)              `symbols' in the math version `bold' on input line 22.
LaTeX Font Info:    Overwriting symbol font `symbols' in version `bold'
(Font)                  OMS/cmsy/b/n --> TU/CambriaMath(2)/b/n on input line 22
.

Package fontspec Info: Cambria Math scale = 0.9999.


Package fontspec Info: Could not resolve font "Cambria Math/B" (it probably
(fontspec)             doesn't exist).


Package fontspec Info: Cambria Math scale = 0.9999.


Package fontspec Info: Cambria Math scale = 0.9999.


Package fontspec Info: Cambria Math scale = 0.9999.


Package fontspec Info: Font family 'CambriaMath(3)' created for font 'Cambria
(fontspec)             Math' with options
(fontspec)             [BoldItalicFont={},ItalicFont={},SmallCapsFont={},Script
=Math,SizeFeatures={{Size=8.65-},{Size=6.65-8.65,Font=Cambria
(fontspec)             Math,Style=MathScript},{Size=-6.65,Font=Cambria
(fontspec)             Math,Style=MathScriptScript}},ScaleAgain=0.9999,FontAdju
stment={\fontdimen
(fontspec)             8\font =0.64941pt\relax \fontdimen 9\font
(fontspec)             =0.64941pt\relax \fontdimen 10\font =0.64941pt\relax
(fontspec)             \fontdimen 11\font =2.4414pt\relax \fontdimen 12\font
(fontspec)             =6.05469pt\relax \fontdimen 13\font =0pt\relax }].
(fontspec)              
(fontspec)              This font family consists of the following NFSS
(fontspec)             series/shapes:
(fontspec)              
(fontspec)             - 'normal' (m/n) with NFSS spec.:
(fontspec)             <8.65->s*[0.9999]"Cambria
(fontspec)             Math/OT:script=math;language=dflt;"<6.65-8.65>s*[0.9999]
"Cambria
(fontspec)             Math/OT:script=math;language=dflt;+ssty=0;"<-6.65>s*[0.9
999]"Cambria
(fontspec)             Math/OT:script=math;language=dflt;+ssty=1;"
(fontspec)             - 'small caps'  (m/sc) with NFSS spec.: 
(fontspec)             and font adjustment code:
(fontspec)             \fontdimen 8\font =0.64941pt\relax \fontdimen 9\font
(fontspec)             =0.64941pt\relax \fontdimen 10\font =0.64941pt\relax
(fontspec)             \fontdimen 11\font =2.4414pt\relax \fontdimen 12\font
(fontspec)             =6.05469pt\relax \fontdimen 13\font =0pt\relax 

LaTeX Font Info:    Encoding `OMX' has changed to `TU' for symbol font
(Font)              `largesymbols' in the math version `normal' on input line 2
2.
LaTeX Font Info:    Overwriting symbol font `largesymbols' in version `normal'
(Font)                  OMX/cmex/m/n --> TU/CambriaMath(3)/m/n on input line 22
.
LaTeX Font Info:    Encoding `OMX' has changed to `TU' for symbol font
(Font)              `largesymbols' in the math version `bold' on input line 22.

LaTeX Font Info:    Overwriting symbol font `largesymbols' in version `bold'
(Font)                  OMX/cmex/m/n --> TU/CambriaMath(3)/b/n on input line 22
.
(eq_db.aux)
\openout1 = `eq_db.aux'.

LaTeX Font Info:    Checking defaults for OML/cmm/m/it on input line 37.
LaTeX Font Info:    ... okay on input line 37.
LaTeX Font Info:    Checking defaults for OMS/cmsy/m/n on input line 37.
LaTeX Font Info:    ... okay on input line 37.
LaTeX Font Info:    Checking defaults for OT1/cmr/m/n on input line 37.
LaTeX Font Info:    ... okay on input line 37.
LaTeX Font Info:    Checking defaults for T1/cmr/m/n on input line 37.
LaTeX Font Info:    ... okay on input line 37.
LaTeX Font Info:    Checking defaults for TS1/cmr/m/n on input line 37.
LaTeX Font Info:    ... okay on input line 37.
LaTeX Font Info:    Checking defaults for TU/lmr/m/n on input line 37.
LaTeX Font Info:    ... okay on input line 37.
LaTeX Font Info:    Checking defaults for OMX/cmex/m/n on input line 37.
LaTeX Font Info:    ... okay on input line 37.
LaTeX Font Info:    Checking defaults for U/cmr/m/n on input line 37.
LaTeX Font Info:    ... okay on input line 37.

("C:\Users\earld\AppData\Local\Programs\MiKTeX 2.9\tex/latex/siunitx\siunitx-ab
breviations.cfg"
File: siunitx-abbreviations.cfg 2017/11/26 v2.7k siunitx: Abbreviated units
)
("C:\Users\earld\AppData\Local\Programs\MiKTeX 2.9\tex/latex/translator\transla
tor-basic-dictionary-English.dict"
Dictionary: translator-basic-dictionary, Language: English 
)
LaTeX Font Info:    Overwriting math alphabet `\mathrm' in version `normal'
(Font)                  TU/CambriaMath(1)/m/n --> TU/lmr/m/n on input line 37.
LaTeX Font Info:    Overwriting math alphabet `\mathit' in version `normal'
(Font)                  OT1/cmr/m/it --> TU/lmr/m/it on input line 37.
LaTeX Font Info:    Overwriting math alphabet `\mathbf' in version `normal'
(Font)                  OT1/cmr/bx/n --> TU/lmr/bx/n on input line 37.
LaTeX Font Info:    Overwriting math alphabet `\mathsf' in version `normal'
(Font)                  OT1/cmss/m/n --> TU/lmss/m/n on input line 37.
LaTeX Font Info:    Overwriting math alphabet `\mathsf' in version `bold'
(Font)                  OT1/cmss/bx/n --> TU/lmss/bx/n on input line 37.
LaTeX Font Info:    Overwriting math alphabet `\mathtt' in version `normal'
(Font)                  OT1/cmtt/m/n --> TU/lmtt/m/n on input line 37.
LaTeX Font Info:    Overwriting math alphabet `\mathtt' in version `bold'
(Font)                  OT1/cmtt/m/n --> TU/lmtt/bx/n on input line 37.

Package unicode-math Warning: Using \overbracket and \underbracket from
(unicode-math)                `mathtools' package.
(unicode-math)                 
(unicode-math)                 Use \Uoverbracket and \Uunderbracket for
(unicode-math)                original `unicode-math' definition.


Package unicode-math Warning: I'm going to overwrite the following commands
(unicode-math)                from the `mathtools' package: 
(unicode-math)                 
(unicode-math)                     \dblcolon, \coloneqq, \Coloneqq, \eqqcolon.
(unicode-math)                
(unicode-math)                 
(unicode-math)                 Note that since I won't overwrite the other
(unicode-math)                colon-like commands, using them will lead to
(unicode-math)                inconsistencies.

LaTeX Font Info:    Font shape `TU/CambriaMath(2)/m/n' will be
(Font)              scaled to size 10.00107pt on input line 37.
LaTeX Font Info:    Font shape `TU/CambriaMath(2)/m/n' will be
(Font)              scaled to size 7.30078pt on input line 37.
LaTeX Font Info:    Font shape `TU/CambriaMath(2)/m/n' will be
(Font)              scaled to size 6.00064pt on input line 37.
LaTeX Font Info:    Font shape `TU/CambriaMath(3)/m/n' will be
(Font)              scaled to size 9.99893pt on input line 37.
LaTeX Font Info:    Font shape `TU/CambriaMath(3)/m/n' will be
(Font)              scaled to size 7.29921pt on input line 37.
LaTeX Font Info:    Font shape `TU/CambriaMath(3)/m/n' will be
(Font)              scaled to size 5.99936pt on input line 37.
[1

] (eq_db.aux) ) 
Here is how much of TeX's memory you used:
 11450 strings out of 412250
 254570 string characters out of 2850552
 835106 words of memory out of 3000000
 30836 multiletter control sequences out of 15000+200000
 536711 words of font info for 52 fonts, out of 3000000 for 9000
 1348 hyphenation exceptions out of 8191
 66i,4n,112p,242b,260s stack positions out of 5000i,500n,10000p,200000b,50000s

Output written on eq_db.pdf (1 page).
